{"__type":"$$EventMessageAudit","id":"c3de67ab-ead7-4a7a-a463-c6bc5d2404cc","ts":"2026-05-05T10:54:27.286+00:00","eventName":"n8n.audit.workflow.updated","message":"n8n.audit.workflow.updated","payload":{"userId":"0159633b-9cea-4e0b-a4d1-1e673e3effc5","_email":"maralinemanahan1150@gmail.com","_firstName":"Maraline","_lastName":"Manahan","globalRole":"global:owner","workflowId":"IQX8MmDuSaLVVcRr","workflowName":"Reddit Lead Snipper"}}
{"__type":"$$EventMessageConfirm","confirm":"c3de67ab-ead7-4a7a-a463-c6bc5d2404cc","ts":"2026-05-05T10:54:27.286+00:00","source":{"id":"0","name":"eventBus"}}
{"__type":"$$EventMessageAudit","id":"c68cb3a8-2269-4808-8d24-d4fafe9aa09b","ts":"2026-05-05T10:54:34.014+00:00","eventName":"n8n.audit.workflow.updated","message":"n8n.audit.workflow.updated","payload":{"userId":"0159633b-9cea-4e0b-a4d1-1e673e3effc5","_email":"maralinemanahan1150@gmail.com","_firstName":"Maraline","_lastName":"Manahan","globalRole":"global:owner","workflowId":"IQX8MmDuSaLVVcRr","workflowName":"Reddit Lead Snipper"}}
{"__type":"$$EventMessageConfirm","confirm":"c68cb3a8-2269-4808-8d24-d4fafe9aa09b","ts":"2026-05-05T10:54:34.014+00:00","source":{"id":"0","name":"eventBus"}}
{"__type":"$$EventMessageAudit","id":"65f07c0e-d42f-4b78-8be0-940d7c9bb0fe","ts":"2026-05-05T10:54:35.672+00:00","eventName":"n8n.audit.workflow.updated","message":"n8n.audit.workflow.updated","payload":{"userId":"0159633b-9cea-4e0b-a4d1-1e673e3effc5","_email":"maralinemanahan1150@gmail.com","_firstName":"Maraline","_lastName":"Manahan","globalRole":"global:owner","workflowId":"IQX8MmDuSaLVVcRr","workflowName":"Reddit Lead Snipper"}}
{"__type":"$$EventMessageConfirm","confirm":"65f07c0e-d42f-4b78-8be0-940d7c9bb0fe","ts":"2026-05-05T10:54:35.672+00:00","source":{"id":"0","name":"eventBus"}}
{"__type":"$$EventMessageAudit","id":"eee51005-1dc1-40e3-ae73-1c98db94b992","ts":"2026-05-05T10:54:38.063+00:00","eventName":"n8n.audit.workflow.updated","message":"n8n.audit.workflow.updated","payload":{"userId":"0159633b-9cea-4e0b-a4d1-1e673e3effc5","_email":"maralinemanahan1150@gmail.com","_firstName":"Maraline","_lastName":"Manahan","globalRole":"global:owner","workflowId":"IQX8MmDuSaLVVcRr","workflowName":"Reddit Lead Snipper"}}
{"__type":"$$EventMessageConfirm","confirm":"eee51005-1dc1-40e3-ae73-1c98db94b992","ts":"2026-05-05T10:54:38.063+00:00","source":{"id":"0","name":"eventBus"}}
{"__type":"$$EventMessageAudit","id":"a74d289d-85a9-43c0-9bca-6c15c4e7f36b","ts":"2026-05-05T10:54:57.235+00:00","eventName":"n8n.audit.workflow.updated","message":"n8n.audit.workflow.updated","payload":{"userId":"0159633b-9cea-4e0b-a4d1-1e673e3effc5","_email":"maralinemanahan1150@gmail.com","_firstName":"Maraline","_lastName":"Manahan","globalRole":"global:owner","workflowId":"IQX8MmDuSaLVVcRr","workflowName":"Reddit Lead Snipper"}}
{"__type":"$$EventMessageConfirm","confirm":"a74d289d-85a9-43c0-9bca-6c15c4e7f36b","ts":"2026-05-05T10:54:57.235+00:00","source":{"id":"0","name":"eventBus"}}
{"__type":"$$EventMessageAudit","id":"de49c3c2-7122-4b2c-be7e-cdf17377d484","ts":"2026-05-05T10:55:01.675+00:00","eventName":"n8n.audit.workflow.updated","message":"n8n.audit.workflow.updated","payload":{"userId":"0159633b-9cea-4e0b-a4d1-1e673e3effc5","_email":"maralinemanahan1150@gmail.com","_firstName":"Maraline","_lastName":"Manahan","globalRole":"global:owner","workflowId":"IQX8MmDuSaLVVcRr","workflowName":"Reddit Lead Snipper"}}
{"__type":"$$EventMessageConfirm","confirm":"de49c3c2-7122-4b2c-be7e-cdf17377d484","ts":"2026-05-05T10:55:01.676+00:00","source":{"id":"0","name":"eventBus"}}
{"__type":"$$EventMessageAudit","id":"b8da74fb-f034-44f3-a2d4-3a6508f22844","ts":"2026-05-05T10:55:03.741+00:00","eventName":"n8n.audit.workflow.updated","message":"n8n.audit.workflow.updated","payload":{"userId":"0159633b-9cea-4e0b-a4d1-1e673e3effc5","_email":"maralinemanahan1150@gmail.com","_firstName":"Maraline","_lastName":"Manahan","globalRole":"global:owner","workflowId":"IQX8MmDuSaLVVcRr","workflowName":"Reddit Lead Snipper"}}
{"__type":"$$EventMessageConfirm","confirm":"b8da74fb-f034-44f3-a2d4-3a6508f22844","ts":"2026-05-05T10:55:03.741+00:00","source":{"id":"0","name":"eventBus"}}
{"__type":"$$EventMessageAudit","id":"f0ecf9a2-812d-4702-b0ea-0ab4027473e1","ts":"2026-05-05T10:55:09.259+00:00","eventName":"n8n.audit.workflow.updated","message":"n8n.audit.workflow.updated","payload":{"userId":"0159633b-9cea-4e0b-a4d1-1e673e3effc5","_email":"maralinemanahan1150@gmail.com","_firstName":"Maraline","_lastName":"Manahan","globalRole":"global:owner","workflowId":"IQX8MmDuSaLVVcRr","workflowName":"Reddit Lead Snipper"}}
{"__type":"$$EventMessageConfirm","confirm":"f0ecf9a2-812d-4702-b0ea-0ab4027473e1","ts":"2026-05-05T10:55:09.260+00:00","source":{"id":"0","name":"eventBus"}}
{"__type":"$$EventMessageWorkflow","id":"0eb41dfc-ef91-423a-9e3e-91304407d039","ts":"2026-05-05T10:57:15.454+00:00","eventName":"n8n.workflow.started","message":"n8n.workflow.started","payload":{"executionId":"343","workflowId":"IQX8MmDuSaLVVcRr","isManual":false,"mode":"manual","workflowName":"Reddit Lead Snipper"}}
{"__type":"$$EventMessageConfirm","confirm":"0eb41dfc-ef91-423a-9e3e-91304407d039","ts":"2026-05-05T10:57:15.454+00:00","source":{"id":"0","name":"eventBus"}}
{"__type":"$$EventMessageAudit","id":"a5daf47f-c4f6-44b2-8231-bcfd52a11d6e","ts":"2026-05-05T10:57:15.455+00:00","eventName":"n8n.audit.workflow.executed","message":"n8n.audit.workflow.executed","payload":{"userId":"0159633b-9cea-4e0b-a4d1-1e673e3effc5","_email":"maralinemanahan1150@gmail.com","_firstName":"Maraline","_lastName":"Manahan","globalRole":"global:owner","workflowId":"IQX8MmDuSaLVVcRr","workflowName":"Reddit Lead Snipper","executionId":"343","source":"user-manual"}}
{"__type":"$$EventMessageConfirm","confirm":"a5daf47f-c4f6-44b2-8231-bcfd52a11d6e","ts":"2026-05-05T10:57:15.455+00:00","source":{"id":"0","name":"eventBus"}}
{"__type":"$$EventMessageNode","id":"03ee3a8f-a546-416d-b5f7-d0eee21de983","ts":"2026-05-05T10:57:15.460+00:00","eventName":"n8n.node.started","message":"n8n.node.started","payload":{"workflowId":"IQX8MmDuSaLVVcRr","workflowName":"Reddit Lead Snipper","executionId":"343","nodeType":"n8n-nodes-base.httpRequest","nodeName":"HTTP Request","nodeId":"4087cec4-0904-4298-b71e-43675643e8b1"}}
{"__type":"$$EventMessageConfirm","confirm":"03ee3a8f-a546-416d-b5f7-d0eee21de983","ts":"2026-05-05T10:57:15.460+00:00","source":{"id":"0","name":"eventBus"}}
{"__type":"$$EventMessageNode","id":"abff9222-13c2-4c4c-b332-8b3928798656","ts":"2026-05-05T10:57:17.138+00:00","eventName":"n8n.node.finished","message":"n8n.node.finished","payload":{"workflowId":"IQX8MmDuSaLVVcRr","workflowName":"Reddit Lead Snipper","executionId":"343","nodeType":"n8n-nodes-base.httpRequest","nodeName":"HTTP Request","nodeId":"4087cec4-0904-4298-b71e-43675643e8b1"}}
{"__type":"$$EventMessageConfirm","confirm":"abff9222-13c2-4c4c-b332-8b3928798656","ts":"2026-05-05T10:57:17.138+00:00","source":{"id":"0","name":"eventBus"}}
{"__type":"$$EventMessageNode","id":"364c6b17-2f9c-45f8-b646-0d135e3a1573","ts":"2026-05-05T10:57:17.140+00:00","eventName":"n8n.node.started","message":"n8n.node.started","payload":{"workflowId":"IQX8MmDuSaLVVcRr","workflowName":"Reddit Lead Snipper","executionId":"343","nodeType":"n8n-nodes-base.code","nodeName":"Code in JavaScript","nodeId":"ad378ee1-9fb0-4d93-94cc-75a233278297"}}
{"__type":"$$EventMessageConfirm","confirm":"364c6b17-2f9c-45f8-b646-0d135e3a1573","ts":"2026-05-05T10:57:17.140+00:00","source":{"id":"0","name":"eventBus"}}
{"__type":"$$EventMessageRunner","id":"9a6af4bb-8080-4779-92ce-6b9908495146","ts":"2026-05-05T10:57:17.144+00:00","eventName":"n8n.runner.task.requested","message":"n8n.runner.task.requested","payload":{"taskId":"MiK4rLm-","nodeId":"ad378ee1-9fb0-4d93-94cc-75a233278297","workflowId":"IQX8MmDuSaLVVcRr","executionId":"343"}}
{"__type":"$$EventMessageConfirm","confirm":"9a6af4bb-8080-4779-92ce-6b9908495146","ts":"2026-05-05T10:57:17.144+00:00","source":{"id":"0","name":"eventBus"}}
{"__type":"$$EventMessageRunner","id":"52a6e677-45f4-4c7a-8c67-f47a115470c8","ts":"2026-05-05T10:57:17.230+00:00","eventName":"n8n.runner.response.received","message":"n8n.runner.response.received","payload":{"taskId":"MiK4rLm-","nodeId":"ad378ee1-9fb0-4d93-94cc-75a233278297","workflowId":"IQX8MmDuSaLVVcRr","executionId":"343"}}
{"__type":"$$EventMessageConfirm","confirm":"52a6e677-45f4-4c7a-8c67-f47a115470c8","ts":"2026-05-05T10:57:17.231+00:00","source":{"id":"0","name":"eventBus"}}
{"__type":"$$EventMessageNode","id":"88c212a1-6eb2-41f5-b28f-1d4a64d23a09","ts":"2026-05-05T10:57:17.231+00:00","eventName":"n8n.node.finished","message":"n8n.node.finished","payload":{"workflowId":"IQX8MmDuSaLVVcRr","workflowName":"Reddit Lead Snipper","executionId":"343","nodeType":"n8n-nodes-base.code","nodeName":"Code in JavaScript","nodeId":"ad378ee1-9fb0-4d93-94cc-75a233278297"}}
{"__type":"$$EventMessageConfirm","confirm":"88c212a1-6eb2-41f5-b28f-1d4a64d23a09","ts":"2026-05-05T10:57:17.231+00:00","source":{"id":"0","name":"eventBus"}}
{"__type":"$$EventMessageWorkflow","id":"c4c9f3ca-9de1-41c6-b770-046592febfc8","ts":"2026-05-05T10:57:17.234+00:00","eventName":"n8n.workflow.success","message":"n8n.workflow.success","payload":{"userId":"0159633b-9cea-4e0b-a4d1-1e673e3effc5","executionId":"343","success":true,"isManual":true,"mode":"manual","workflowId":"IQX8MmDuSaLVVcRr","workflowName":"Reddit Lead Snipper"}}
{"__type":"$$EventMessageConfirm","confirm":"c4c9f3ca-9de1-41c6-b770-046592febfc8","ts":"2026-05-05T10:57:17.234+00:00","source":{"id":"0","name":"eventBus"}}
{"__type":"$$EventMessageWorkflow","id":"ca10f988-1208-404f-bbc6-31ce57035a7f","ts":"2026-05-05T10:58:04.909+00:00","eventName":"n8n.workflow.started","message":"n8n.workflow.started","payload":{"executionId":"344","workflowId":"IQX8MmDuSaLVVcRr","isManual":false,"mode":"manual","workflowName":"Reddit Lead Snipper"}}
{"__type":"$$EventMessageConfirm","confirm":"ca10f988-1208-404f-bbc6-31ce57035a7f","ts":"2026-05-05T10:58:04.909+00:00","source":{"id":"0","name":"eventBus"}}
{"__type":"$$EventMessageAudit","id":"70d90e47-be93-420a-b5bf-8d3d870e2440","ts":"2026-05-05T10:58:04.909+00:00","eventName":"n8n.audit.workflow.executed","message":"n8n.audit.workflow.executed","payload":{"userId":"0159633b-9cea-4e0b-a4d1-1e673e3effc5","_email":"maralinemanahan1150@gmail.com","_firstName":"Maraline","_lastName":"Manahan","globalRole":"global:owner","workflowId":"IQX8MmDuSaLVVcRr","workflowName":"Reddit Lead Snipper","executionId":"344","source":"user-manual"}}
{"__type":"$$EventMessageConfirm","confirm":"70d90e47-be93-420a-b5bf-8d3d870e2440","ts":"2026-05-05T10:58:04.909+00:00","source":{"id":"0","name":"eventBus"}}
{"__type":"$$EventMessageNode","id":"445e7dbf-95d1-4e8e-8dc8-121d2d091998","ts":"2026-05-05T10:58:04.915+00:00","eventName":"n8n.node.started","message":"n8n.node.started","payload":{"workflowId":"IQX8MmDuSaLVVcRr","workflowName":"Reddit Lead Snipper","executionId":"344","nodeType":"n8n-nodes-base.httpRequest","nodeName":"HTTP Request","nodeId":"4087cec4-0904-4298-b71e-43675643e8b1"}}
{"__type":"$$EventMessageConfirm","confirm":"445e7dbf-95d1-4e8e-8dc8-121d2d091998","ts":"2026-05-05T10:58:04.915+00:00","source":{"id":"0","name":"eventBus"}}
{"__type":"$$EventMessageNode","id":"eb5d03dd-6098-4e88-951d-d1016a12e76f","ts":"2026-05-05T10:58:05.457+00:00","eventName":"n8n.node.finished","message":"n8n.node.finished","payload":{"workflowId":"IQX8MmDuSaLVVcRr","workflowName":"Reddit Lead Snipper","executionId":"344","nodeType":"n8n-nodes-base.httpRequest","nodeName":"HTTP Request","nodeId":"4087cec4-0904-4298-b71e-43675643e8b1"}}
{"__type":"$$EventMessageConfirm","confirm":"eb5d03dd-6098-4e88-951d-d1016a12e76f","ts":"2026-05-05T10:58:05.458+00:00","source":{"id":"0","name":"eventBus"}}
{"__type":"$$EventMessageNode","id":"8fb7c373-01a3-42fb-9718-bd3a5d640efc","ts":"2026-05-05T10:58:05.462+00:00","eventName":"n8n.node.started","message":"n8n.node.started","payload":{"workflowId":"IQX8MmDuSaLVVcRr","workflowName":"Reddit Lead Snipper","executionId":"344","nodeType":"n8n-nodes-base.code","nodeName":"Code in JavaScript","nodeId":"ad378ee1-9fb0-4d93-94cc-75a233278297"}}
{"__type":"$$EventMessageConfirm","confirm":"8fb7c373-01a3-42fb-9718-bd3a5d640efc","ts":"2026-05-05T10:58:05.462+00:00","source":{"id":"0","name":"eventBus"}}
{"__type":"$$EventMessageRunner","id":"45704fe4-4bee-4fab-9b6a-caa3b2824145","ts":"2026-05-05T10:58:05.465+00:00","eventName":"n8n.runner.task.requested","message":"n8n.runner.task.requested","payload":{"taskId":"0vAio05V","nodeId":"ad378ee1-9fb0-4d93-94cc-75a233278297","workflowId":"IQX8MmDuSaLVVcRr","executionId":"344"}}
{"__type":"$$EventMessageConfirm","confirm":"45704fe4-4bee-4fab-9b6a-caa3b2824145","ts":"2026-05-05T10:58:05.465+00:00","source":{"id":"0","name":"eventBus"}}
{"__type":"$$EventMessageRunner","id":"9bd68cfb-360c-44fb-8cb5-1d56e6a6a167","ts":"2026-05-05T10:58:05.480+00:00","eventName":"n8n.runner.response.received","message":"n8n.runner.response.received","payload":{"taskId":"0vAio05V","nodeId":"ad378ee1-9fb0-4d93-94cc-75a233278297","workflowId":"IQX8MmDuSaLVVcRr","executionId":"344"}}
{"__type":"$$EventMessageConfirm","confirm":"9bd68cfb-360c-44fb-8cb5-1d56e6a6a167","ts":"2026-05-05T10:58:05.480+00:00","source":{"id":"0","name":"eventBus"}}
{"__type":"$$EventMessageNode","id":"2e30c34c-45ab-423f-aa3a-82c8124ffce6","ts":"2026-05-05T10:58:05.480+00:00","eventName":"n8n.node.finished","message":"n8n.node.finished","payload":{"workflowId":"IQX8MmDuSaLVVcRr","workflowName":"Reddit Lead Snipper","executionId":"344","nodeType":"n8n-nodes-base.code","nodeName":"Code in JavaScript","nodeId":"ad378ee1-9fb0-4d93-94cc-75a233278297"}}
{"__type":"$$EventMessageConfirm","confirm":"2e30c34c-45ab-423f-aa3a-82c8124ffce6","ts":"2026-05-05T10:58:05.480+00:00","source":{"id":"0","name":"eventBus"}}
{"__type":"$$EventMessageNode","id":"c48c52f9-8dee-4191-90b4-eac8d6d03621","ts":"2026-05-05T10:58:05.481+00:00","eventName":"n8n.node.started","message":"n8n.node.started","payload":{"workflowId":"IQX8MmDuSaLVVcRr","workflowName":"Reddit Lead Snipper","executionId":"344","nodeType":"n8n-nodes-base.googleSheets","nodeName":"Append row in sheet","nodeId":"56a9e96b-2a0a-4f7c-886b-2f87a1cc37f8"}}
{"__type":"$$EventMessageConfirm","confirm":"c48c52f9-8dee-4191-90b4-eac8d6d03621","ts":"2026-05-05T10:58:05.481+00:00","source":{"id":"0","name":"eventBus"}}
{"__type":"$$EventMessageNode","id":"f852f879-dff3-4504-9bc6-655ad6a4bf64","ts":"2026-05-05T06:58:10.158-04:00","eventName":"n8n.node.finished","message":"n8n.node.finished","payload":{"workflowId":"IQX8MmDuSaLVVcRr","workflowName":"Reddit Lead Snipper","executionId":"344","nodeType":"n8n-nodes-base.googleSheets","nodeName":"Append row in sheet","nodeId":"56a9e96b-2a0a-4f7c-886b-2f87a1cc37f8"}}
{"__type":"$$EventMessageConfirm","confirm":"f852f879-dff3-4504-9bc6-655ad6a4bf64","ts":"2026-05-05T06:58:10.159-04:00","source":{"id":"0","name":"eventBus"}}
{"__type":"$$EventMessageWorkflow","id":"36c2aba8-b609-4534-92f8-93188f71a322","ts":"2026-05-05T06:58:10.162-04:00","eventName":"n8n.workflow.success","message":"n8n.workflow.success","payload":{"userId":"0159633b-9cea-4e0b-a4d1-1e673e3effc5","executionId":"344","success":true,"isManual":true,"mode":"manual","workflowId":"IQX8MmDuSaLVVcRr","workflowName":"Reddit Lead Snipper"}}
{"__type":"$$EventMessageConfirm","confirm":"36c2aba8-b609-4534-92f8-93188f71a322","ts":"2026-05-05T06:58:10.163-04:00","source":{"id":"0","name":"eventBus"}}
{"__type":"$$EventMessageWorkflow","id":"1928e74d-fb5d-43ae-a641-917e818c3fba","ts":"2026-05-05T07:00:26.496-04:00","eventName":"n8n.workflow.started","message":"n8n.workflow.started","payload":{"executionId":"345","workflowId":"IQX8MmDuSaLVVcRr","isManual":false,"mode":"manual","workflowName":"Reddit Lead Snipper"}}
{"__type":"$$EventMessageConfirm","confirm":"1928e74d-fb5d-43ae-a641-917e818c3fba","ts":"2026-05-05T07:00:26.496-04:00","source":{"id":"0","name":"eventBus"}}
{"__type":"$$EventMessageAudit","id":"d7701450-3aa4-411e-9e83-4dfe11b3d2bf","ts":"2026-05-05T07:00:26.497-04:00","eventName":"n8n.audit.workflow.executed","message":"n8n.audit.workflow.executed","payload":{"userId":"0159633b-9cea-4e0b-a4d1-1e673e3effc5","_email":"maralinemanahan1150@gmail.com","_firstName":"Maraline","_lastName":"Manahan","globalRole":"global:owner","workflowId":"IQX8MmDuSaLVVcRr","workflowName":"Reddit Lead Snipper","executionId":"345","source":"user-manual"}}
{"__type":"$$EventMessageConfirm","confirm":"d7701450-3aa4-411e-9e83-4dfe11b3d2bf","ts":"2026-05-05T07:00:26.497-04:00","source":{"id":"0","name":"eventBus"}}
{"__type":"$$EventMessageNode","id":"221bace0-823d-4cb2-ba97-c548c0ee7a4c","ts":"2026-05-05T07:00:26.502-04:00","eventName":"n8n.node.started","message":"n8n.node.started","payload":{"workflowId":"IQX8MmDuSaLVVcRr","workflowName":"Reddit Lead Snipper","executionId":"345","nodeType":"n8n-nodes-base.httpRequest","nodeName":"HTTP Request","nodeId":"4087cec4-0904-4298-b71e-43675643e8b1"}}
{"__type":"$$EventMessageConfirm","confirm":"221bace0-823d-4cb2-ba97-c548c0ee7a4c","ts":"2026-05-05T07:00:26.502-04:00","source":{"id":"0","name":"eventBus"}}
{"__type":"$$EventMessageNode","id":"50572bbc-fb2c-41ad-888d-abca24ec004b","ts":"2026-05-05T07:00:27.074-04:00","eventName":"n8n.node.finished","message":"n8n.node.finished","payload":{"workflowId":"IQX8MmDuSaLVVcRr","workflowName":"Reddit Lead Snipper","executionId":"345","nodeType":"n8n-nodes-base.httpRequest","nodeName":"HTTP Request","nodeId":"4087cec4-0904-4298-b71e-43675643e8b1"}}
{"__type":"$$EventMessageConfirm","confirm":"50572bbc-fb2c-41ad-888d-abca24ec004b","ts":"2026-05-05T07:00:27.074-04:00","source":{"id":"0","name":"eventBus"}}
{"__type":"$$EventMessageNode","id":"91ff7da2-7374-4f0c-9d41-819ea4520019","ts":"2026-05-05T07:00:27.078-04:00","eventName":"n8n.node.started","message":"n8n.node.started","payload":{"workflowId":"IQX8MmDuSaLVVcRr","workflowName":"Reddit Lead Snipper","executionId":"345","nodeType":"n8n-nodes-base.code","nodeName":"Code in JavaScript","nodeId":"ad378ee1-9fb0-4d93-94cc-75a233278297"}}
{"__type":"$$EventMessageConfirm","confirm":"91ff7da2-7374-4f0c-9d41-819ea4520019","ts":"2026-05-05T07:00:27.078-04:00","source":{"id":"0","name":"eventBus"}}
{"__type":"$$EventMessageRunner","id":"4260252e-189f-4597-a355-537d2b5e6b68","ts":"2026-05-05T07:00:27.082-04:00","eventName":"n8n.runner.task.requested","message":"n8n.runner.task.requested","payload":{"taskId":"xbvRZDjI","nodeId":"ad378ee1-9fb0-4d93-94cc-75a233278297","workflowId":"IQX8MmDuSaLVVcRr","executionId":"345"}}
{"__type":"$$EventMessageConfirm","confirm":"4260252e-189f-4597-a355-537d2b5e6b68","ts":"2026-05-05T07:00:27.082-04:00","source":{"id":"0","name":"eventBus"}}
{"__type":"$$EventMessageRunner","id":"47b1b1ff-00ac-45ce-b8f3-362178c61290","ts":"2026-05-05T07:00:27.097-04:00","eventName":"n8n.runner.response.received","message":"n8n.runner.response.received","payload":{"taskId":"xbvRZDjI","nodeId":"ad378ee1-9fb0-4d93-94cc-75a233278297","workflowId":"IQX8MmDuSaLVVcRr","executionId":"345"}}
{"__type":"$$EventMessageConfirm","confirm":"47b1b1ff-00ac-45ce-b8f3-362178c61290","ts":"2026-05-05T07:00:27.098-04:00","source":{"id":"0","name":"eventBus"}}
{"__type":"$$EventMessageNode","id":"fab9cdbf-c3f3-4b5c-b074-7f2cd30dcafb","ts":"2026-05-05T07:00:27.098-04:00","eventName":"n8n.node.finished","message":"n8n.node.finished","payload":{"workflowId":"IQX8MmDuSaLVVcRr","workflowName":"Reddit Lead Snipper","executionId":"345","nodeType":"n8n-nodes-base.code","nodeName":"Code in JavaScript","nodeId":"ad378ee1-9fb0-4d93-94cc-75a233278297"}}
{"__type":"$$EventMessageConfirm","confirm":"fab9cdbf-c3f3-4b5c-b074-7f2cd30dcafb","ts":"2026-05-05T07:00:27.098-04:00","source":{"id":"0","name":"eventBus"}}
{"__type":"$$EventMessageWorkflow","id":"0d538457-f996-432e-ae58-47f6cb1265f9","ts":"2026-05-05T07:00:27.101-04:00","eventName":"n8n.workflow.success","message":"n8n.workflow.success","payload":{"userId":"0159633b-9cea-4e0b-a4d1-1e673e3effc5","executionId":"345","success":true,"isManual":true,"mode":"manual","workflowId":"IQX8MmDuSaLVVcRr","workflowName":"Reddit Lead Snipper"}}
{"__type":"$$EventMessageConfirm","confirm":"0d538457-f996-432e-ae58-47f6cb1265f9","ts":"2026-05-05T07:00:27.101-04:00","source":{"id":"0","name":"eventBus"}}
{"__type":"$$EventMessageAudit","id":"d7016089-6e45-4545-93a4-45f832a3c09b","ts":"2026-05-05T07:02:47.926-04:00","eventName":"n8n.audit.workflow.updated","message":"n8n.audit.workflow.updated","payload":{"userId":"0159633b-9cea-4e0b-a4d1-1e673e3effc5","_email":"maralinemanahan1150@gmail.com","_firstName":"Maraline","_lastName":"Manahan","globalRole":"global:owner","workflowId":"IQX8MmDuSaLVVcRr","workflowName":"Reddit Lead Snipper"}}
{"__type":"$$EventMessageConfirm","confirm":"d7016089-6e45-4545-93a4-45f832a3c09b","ts":"2026-05-05T07:02:47.926-04:00","source":{"id":"0","name":"eventBus"}}
{"__type":"$$EventMessageWorkflow","id":"93899124-4430-4b3f-ae17-8aa57473cf77","ts":"2026-05-05T07:02:51.791-04:00","eventName":"n8n.workflow.started","message":"n8n.workflow.started","payload":{"executionId":"346","workflowId":"IQX8MmDuSaLVVcRr","isManual":false,"mode":"manual","workflowName":"Reddit Lead Snipper"}}
{"__type":"$$EventMessageConfirm","confirm":"93899124-4430-4b3f-ae17-8aa57473cf77","ts":"2026-05-05T07:02:51.792-04:00","source":{"id":"0","name":"eventBus"}}
{"__type":"$$EventMessageAudit","id":"9e9668b3-a869-43ea-9409-0ce7b94d1beb","ts":"2026-05-05T07:02:51.793-04:00","eventName":"n8n.audit.workflow.executed","message":"n8n.audit.workflow.executed","payload":{"userId":"0159633b-9cea-4e0b-a4d1-1e673e3effc5","_email":"maralinemanahan1150@gmail.com","_firstName":"Maraline","_lastName":"Manahan","globalRole":"global:owner","workflowId":"IQX8MmDuSaLVVcRr","workflowName":"Reddit Lead Snipper","executionId":"346","source":"user-manual"}}
{"__type":"$$EventMessageConfirm","confirm":"9e9668b3-a869-43ea-9409-0ce7b94d1beb","ts":"2026-05-05T07:02:51.793-04:00","source":{"id":"0","name":"eventBus"}}
{"__type":"$$EventMessageNode","id":"62821d2b-db82-41f0-848a-24876f0c0ab2","ts":"2026-05-05T07:02:51.801-04:00","eventName":"n8n.node.started","message":"n8n.node.started","payload":{"workflowId":"IQX8MmDuSaLVVcRr","workflowName":"Reddit Lead Snipper","executionId":"346","nodeType":"n8n-nodes-base.httpRequest","nodeName":"HTTP Request","nodeId":"4087cec4-0904-4298-b71e-43675643e8b1"}}
{"__type":"$$EventMessageConfirm","confirm":"62821d2b-db82-41f0-848a-24876f0c0ab2","ts":"2026-05-05T07:02:51.802-04:00","source":{"id":"0","name":"eventBus"}}
{"__type":"$$EventMessageNode","id":"f2580989-07f4-434a-a48a-e9ff26011b14","ts":"2026-05-05T07:02:52.385-04:00","eventName":"n8n.node.finished","message":"n8n.node.finished","payload":{"workflowId":"IQX8MmDuSaLVVcRr","workflowName":"Reddit Lead Snipper","executionId":"346","nodeType":"n8n-nodes-base.httpRequest","nodeName":"HTTP Request","nodeId":"4087cec4-0904-4298-b71e-43675643e8b1"}}
{"__type":"$$EventMessageConfirm","confirm":"f2580989-07f4-434a-a48a-e9ff26011b14","ts":"2026-05-05T07:02:52.385-04:00","source":{"id":"0","name":"eventBus"}}
{"__type":"$$EventMessageNode","id":"1681138e-a835-4ced-b25f-0d7f128db525","ts":"2026-05-05T07:02:52.390-04:00","eventName":"n8n.node.started","message":"n8n.node.started","payload":{"workflowId":"IQX8MmDuSaLVVcRr","workflowName":"Reddit Lead Snipper","executionId":"346","nodeType":"n8n-nodes-base.code","nodeName":"Code in JavaScript","nodeId":"ad378ee1-9fb0-4d93-94cc-75a233278297"}}
{"__type":"$$EventMessageConfirm","confirm":"1681138e-a835-4ced-b25f-0d7f128db525","ts":"2026-05-05T07:02:52.391-04:00","source":{"id":"0","name":"eventBus"}}
{"__type":"$$EventMessageRunner","id":"caa3fb2c-6350-424d-819b-c182cf6852d5","ts":"2026-05-05T07:02:52.395-04:00","eventName":"n8n.runner.task.requested","message":"n8n.runner.task.requested","payload":{"taskId":"fW3_PPgz","nodeId":"ad378ee1-9fb0-4d93-94cc-75a233278297","workflowId":"IQX8MmDuSaLVVcRr","executionId":"346"}}
{"__type":"$$EventMessageConfirm","confirm":"caa3fb2c-6350-424d-819b-c182cf6852d5","ts":"2026-05-05T07:02:52.395-04:00","source":{"id":"0","name":"eventBus"}}
{"__type":"$$EventMessageRunner","id":"c799d76e-ad07-44c5-b26e-27e1d1172071","ts":"2026-05-05T07:02:52.411-04:00","eventName":"n8n.runner.response.received","message":"n8n.runner.response.received","payload":{"taskId":"fW3_PPgz","nodeId":"ad378ee1-9fb0-4d93-94cc-75a233278297","workflowId":"IQX8MmDuSaLVVcRr","executionId":"346"}}
{"__type":"$$EventMessageConfirm","confirm":"c799d76e-ad07-44c5-b26e-27e1d1172071","ts":"2026-05-05T07:02:52.411-04:00","source":{"id":"0","name":"eventBus"}}
{"__type":"$$EventMessageNode","id":"e102978b-6516-4d75-ac06-db3771c97d5c","ts":"2026-05-05T07:02:52.412-04:00","eventName":"n8n.node.finished","message":"n8n.node.finished","payload":{"workflowId":"IQX8MmDuSaLVVcRr","workflowName":"Reddit Lead Snipper","executionId":"346","nodeType":"n8n-nodes-base.code","nodeName":"Code in JavaScript","nodeId":"ad378ee1-9fb0-4d93-94cc-75a233278297"}}
{"__type":"$$EventMessageConfirm","confirm":"e102978b-6516-4d75-ac06-db3771c97d5c","ts":"2026-05-05T07:02:52.412-04:00","source":{"id":"0","name":"eventBus"}}
{"__type":"$$EventMessageWorkflow","id":"897ee78c-3a75-4c23-9c12-4f42b9a35a7a","ts":"2026-05-05T07:02:52.414-04:00","eventName":"n8n.workflow.success","message":"n8n.workflow.success","payload":{"userId":"0159633b-9cea-4e0b-a4d1-1e673e3effc5","executionId":"346","success":true,"isManual":true,"mode":"manual","workflowId":"IQX8MmDuSaLVVcRr","workflowName":"Reddit Lead Snipper"}}
{"__type":"$$EventMessageConfirm","confirm":"897ee78c-3a75-4c23-9c12-4f42b9a35a7a","ts":"2026-05-05T07:02:52.414-04:00","source":{"id":"0","name":"eventBus"}}
{"__type":"$$EventMessageAudit","id":"856cfbb8-c58e-4b84-9ea6-8eee70f54b6a","ts":"2026-05-05T07:03:10.912-04:00","eventName":"n8n.audit.workflow.updated","message":"n8n.audit.workflow.updated","payload":{"userId":"0159633b-9cea-4e0b-a4d1-1e673e3effc5","_email":"maralinemanahan1150@gmail.com","_firstName":"Maraline","_lastName":"Manahan","globalRole":"global:owner","workflowId":"IQX8MmDuSaLVVcRr","workflowName":"Reddit Lead Snipper"}}
{"__type":"$$EventMessageConfirm","confirm":"856cfbb8-c58e-4b84-9ea6-8eee70f54b6a","ts":"2026-05-05T07:03:10.912-04:00","source":{"id":"0","name":"eventBus"}}
{"__type":"$$EventMessageAudit","id":"0cabe026-ebe9-4ac5-a7b1-cafe5b0ea42b","ts":"2026-05-05T07:03:14.479-04:00","eventName":"n8n.audit.workflow.updated","message":"n8n.audit.workflow.updated","payload":{"userId":"0159633b-9cea-4e0b-a4d1-1e673e3effc5","_email":"maralinemanahan1150@gmail.com","_firstName":"Maraline","_lastName":"Manahan","globalRole":"global:owner","workflowId":"IQX8MmDuSaLVVcRr","workflowName":"Reddit Lead Snipper"}}
{"__type":"$$EventMessageConfirm","confirm":"0cabe026-ebe9-4ac5-a7b1-cafe5b0ea42b","ts":"2026-05-05T07:03:14.479-04:00","source":{"id":"0","name":"eventBus"}}
{"__type":"$$EventMessageWorkflow","id":"98a640eb-38db-43bb-8ccf-ec3db3bde3b6","ts":"2026-05-05T07:03:14.900-04:00","eventName":"n8n.workflow.started","message":"n8n.workflow.started","payload":{"executionId":"347","workflowId":"IQX8MmDuSaLVVcRr","isManual":false,"mode":"manual","workflowName":"Reddit Lead Snipper"}}
{"__type":"$$EventMessageConfirm","confirm":"98a640eb-38db-43bb-8ccf-ec3db3bde3b6","ts":"2026-05-05T07:03:14.900-04:00","source":{"id":"0","name":"eventBus"}}
{"__type":"$$EventMessageAudit","id":"4e39956b-3461-4841-a8ce-bd5aad281ed0","ts":"2026-05-05T07:03:14.901-04:00","eventName":"n8n.audit.workflow.executed","message":"n8n.audit.workflow.executed","payload":{"userId":"0159633b-9cea-4e0b-a4d1-1e673e3effc5","_email":"maralinemanahan1150@gmail.com","_firstName":"Maraline","_lastName":"Manahan","globalRole":"global:owner","workflowId":"IQX8MmDuSaLVVcRr","workflowName":"Reddit Lead Snipper","executionId":"347","source":"user-manual"}}
{"__type":"$$EventMessageConfirm","confirm":"4e39956b-3461-4841-a8ce-bd5aad281ed0","ts":"2026-05-05T07:03:14.901-04:00","source":{"id":"0","name":"eventBus"}}
{"__type":"$$EventMessageNode","id":"aac24e82-2fd4-40fb-9dca-f2ff2c2a126e","ts":"2026-05-05T07:03:14.906-04:00","eventName":"n8n.node.started","message":"n8n.node.started","payload":{"workflowId":"IQX8MmDuSaLVVcRr","workflowName":"Reddit Lead Snipper","executionId":"347","nodeType":"n8n-nodes-base.httpRequest","nodeName":"HTTP Request","nodeId":"4087cec4-0904-4298-b71e-43675643e8b1"}}
{"__type":"$$EventMessageConfirm","confirm":"aac24e82-2fd4-40fb-9dca-f2ff2c2a126e","ts":"2026-05-05T07:03:14.906-04:00","source":{"id":"0","name":"eventBus"}}
{"__type":"$$EventMessageNode","id":"74d02ec6-3a35-43ba-9257-5d0faef32bf7","ts":"2026-05-05T07:03:15.375-04:00","eventName":"n8n.node.finished","message":"n8n.node.finished","payload":{"workflowId":"IQX8MmDuSaLVVcRr","workflowName":"Reddit Lead Snipper","executionId":"347","nodeType":"n8n-nodes-base.httpRequest","nodeName":"HTTP Request","nodeId":"4087cec4-0904-4298-b71e-43675643e8b1"}}
{"__type":"$$EventMessageConfirm","confirm":"74d02ec6-3a35-43ba-9257-5d0faef32bf7","ts":"2026-05-05T07:03:15.375-04:00","source":{"id":"0","name":"eventBus"}}
{"__type":"$$EventMessageNode","id":"677448e4-7fd2-4927-b359-138fdbca8db7","ts":"2026-05-05T07:03:15.379-04:00","eventName":"n8n.node.started","message":"n8n.node.started","payload":{"workflowId":"IQX8MmDuSaLVVcRr","workflowName":"Reddit Lead Snipper","executionId":"347","nodeType":"n8n-nodes-base.code","nodeName":"Code in JavaScript","nodeId":"ad378ee1-9fb0-4d93-94cc-75a233278297"}}
{"__type":"$$EventMessageConfirm","confirm":"677448e4-7fd2-4927-b359-138fdbca8db7","ts":"2026-05-05T07:03:15.379-04:00","source":{"id":"0","name":"eventBus"}}
{"__type":"$$EventMessageRunner","id":"e88dde0b-ca55-4836-875c-b00d3c30c138","ts":"2026-05-05T07:03:15.383-04:00","eventName":"n8n.runner.task.requested","message":"n8n.runner.task.requested","payload":{"taskId":"nho2rruH","nodeId":"ad378ee1-9fb0-4d93-94cc-75a233278297","workflowId":"IQX8MmDuSaLVVcRr","executionId":"347"}}
{"__type":"$$EventMessageConfirm","confirm":"e88dde0b-ca55-4836-875c-b00d3c30c138","ts":"2026-05-05T07:03:15.383-04:00","source":{"id":"0","name":"eventBus"}}
{"__type":"$$EventMessageRunner","id":"c66e4fdb-2a41-4b79-988c-a623ace5e525","ts":"2026-05-05T07:03:15.404-04:00","eventName":"n8n.runner.response.received","message":"n8n.runner.response.received","payload":{"taskId":"nho2rruH","nodeId":"ad378ee1-9fb0-4d93-94cc-75a233278297","workflowId":"IQX8MmDuSaLVVcRr","executionId":"347"}}
{"__type":"$$EventMessageConfirm","confirm":"c66e4fdb-2a41-4b79-988c-a623ace5e525","ts":"2026-05-05T07:03:15.404-04:00","source":{"id":"0","name":"eventBus"}}
{"__type":"$$EventMessageNode","id":"1b39264f-0af0-4691-8949-474cec9b685c","ts":"2026-05-05T07:03:15.405-04:00","eventName":"n8n.node.finished","message":"n8n.node.finished","payload":{"workflowId":"IQX8MmDuSaLVVcRr","workflowName":"Reddit Lead Snipper","executionId":"347","nodeType":"n8n-nodes-base.code","nodeName":"Code in JavaScript","nodeId":"ad378ee1-9fb0-4d93-94cc-75a233278297"}}
{"__type":"$$EventMessageConfirm","confirm":"1b39264f-0af0-4691-8949-474cec9b685c","ts":"2026-05-05T07:03:15.405-04:00","source":{"id":"0","name":"eventBus"}}
{"__type":"$$EventMessageWorkflow","id":"e10c9c19-9787-4265-b04e-93f0cd4ac03d","ts":"2026-05-05T07:03:15.407-04:00","eventName":"n8n.workflow.success","message":"n8n.workflow.success","payload":{"userId":"0159633b-9cea-4e0b-a4d1-1e673e3effc5","executionId":"347","success":true,"isManual":true,"mode":"manual","workflowId":"IQX8MmDuSaLVVcRr","workflowName":"Reddit Lead Snipper"}}
{"__type":"$$EventMessageConfirm","confirm":"e10c9c19-9787-4265-b04e-93f0cd4ac03d","ts":"2026-05-05T07:03:15.407-04:00","source":{"id":"0","name":"eventBus"}}
{"__type":"$$EventMessageAudit","id":"04238fd8-885c-4388-b557-f12cb726e927","ts":"2026-05-05T07:08:28.903-04:00","eventName":"n8n.audit.workflow.updated","message":"n8n.audit.workflow.updated","payload":{"userId":"0159633b-9cea-4e0b-a4d1-1e673e3effc5","_email":"maralinemanahan1150@gmail.com","_firstName":"Maraline","_lastName":"Manahan","globalRole":"global:owner","workflowId":"IQX8MmDuSaLVVcRr","workflowName":"Reddit Lead Snipper"}}
{"__type":"$$EventMessageConfirm","confirm":"04238fd8-885c-4388-b557-f12cb726e927","ts":"2026-05-05T07:08:28.903-04:00","source":{"id":"0","name":"eventBus"}}
{"__type":"$$EventMessageAudit","id":"b8d7b21a-3476-4fb0-89a7-3eacc942e7fd","ts":"2026-05-05T07:08:33.761-04:00","eventName":"n8n.audit.workflow.updated","message":"n8n.audit.workflow.updated","payload":{"userId":"0159633b-9cea-4e0b-a4d1-1e673e3effc5","_email":"maralinemanahan1150@gmail.com","_firstName":"Maraline","_lastName":"Manahan","globalRole":"global:owner","workflowId":"IQX8MmDuSaLVVcRr","workflowName":"Reddit Lead Snipper"}}
{"__type":"$$EventMessageConfirm","confirm":"b8d7b21a-3476-4fb0-89a7-3eacc942e7fd","ts":"2026-05-05T07:08:33.761-04:00","source":{"id":"0","name":"eventBus"}}
